{"C:\\Users\\vihan\\OneDrive\\Desktop\\SurgeGlobal\\Web_Application\\SurgeGlobal\\backend\\index.js": {"path":"C:\\Users\\vihan\\OneDrive\\Desktop\\SurgeGlobal\\Web_Application\\SurgeGlobal\\backend\\index.js","statementMap":{"0":{"start":{"line":8,"column":0},"end":{"line":8,"column":15}},"1":{"start":{"line":10,"column":0},"end":{"line":10,"column":35}},"2":{"start":{"line":12,"column":12},"end":{"line":12,"column":21}},"3":{"start":{"line":14,"column":0},"end":{"line":14,"column":60}},"4":{"start":{"line":15,"column":0},"end":{"line":15,"column":66}},"5":{"start":{"line":16,"column":0},"end":{"line":16,"column":16}},"6":{"start":{"line":18,"column":0},"end":{"line":18,"column":28}},"7":{"start":{"line":19,"column":0},"end":{"line":19,"column":36}},"8":{"start":{"line":23,"column":23},"end":{"line":23,"column":46}},"9":{"start":{"line":24,"column":13},"end":{"line":24,"column":37}},"10":{"start":{"line":26,"column":15},"end":{"line":31,"column":35}},"11":{"start":{"line":29,"column":4},"end":{"line":29,"column":76}},"12":{"start":{"line":29,"column":27},"end":{"line":29,"column":75}},"13":{"start":{"line":31,"column":18},"end":{"line":31,"column":34}}},"fnMap":{"0":{"name":"(anonymous_0)","decl":{"start":{"line":28,"column":8},"end":{"line":28,"column":9}},"loc":{"start":{"line":29,"column":4},"end":{"line":29,"column":76}},"line":29},"1":{"name":"(anonymous_1)","decl":{"start":{"line":29,"column":21},"end":{"line":29,"column":22}},"loc":{"start":{"line":29,"column":27},"end":{"line":29,"column":75}},"line":29},"2":{"name":"(anonymous_2)","decl":{"start":{"line":31,"column":9},"end":{"line":31,"column":10}},"loc":{"start":{"line":31,"column":18},"end":{"line":31,"column":34}},"line":31}},"branchMap":{"0":{"loc":{"start":{"line":24,"column":13},"end":{"line":24,"column":37}},"type":"binary-expr","locations":[{"start":{"line":24,"column":13},"end":{"line":24,"column":29}},{"start":{"line":24,"column":33},"end":{"line":24,"column":37}}],"line":24}},"s":{"0":1,"1":1,"2":1,"3":1,"4":1,"5":1,"6":1,"7":1,"8":1,"9":1,"10":1,"11":0,"12":0,"13":0},"f":{"0":0,"1":0,"2":0},"b":{"0":[1,0]},"_coverageSchema":"1a1c01bbd47fc00a2c39e90264f33305004495a9","hash":"10e718accc0a46cfad6d6afafb490509c22e42e1"}
,"C:\\Users\\vihan\\OneDrive\\Desktop\\SurgeGlobal\\Web_Application\\SurgeGlobal\\backend\\controllers\\postDetails.js": {"path":"C:\\Users\\vihan\\OneDrive\\Desktop\\SurgeGlobal\\Web_Application\\SurgeGlobal\\backend\\controllers\\postDetails.js","statementMap":{"0":{"start":{"line":6,"column":15},"end":{"line":6,"column":31}},"1":{"start":{"line":8,"column":24},"end":{"line":22,"column":1}},"2":{"start":{"line":9,"column":21},"end":{"line":9,"column":30}},"3":{"start":{"line":11,"column":4},"end":{"line":21,"column":5}},"4":{"start":{"line":12,"column":22},"end":{"line":12,"column":23}},"5":{"start":{"line":13,"column":27},"end":{"line":13,"column":53}},"6":{"start":{"line":15,"column":22},"end":{"line":15,"column":58}},"7":{"start":{"line":16,"column":22},"end":{"line":16,"column":94}},"8":{"start":{"line":18,"column":8},"end":{"line":18,"column":101}},"9":{"start":{"line":20,"column":8},"end":{"line":20,"column":57}},"10":{"start":{"line":24,"column":32},"end":{"line":36,"column":1}},"11":{"start":{"line":25,"column":34},"end":{"line":25,"column":43}},"12":{"start":{"line":27,"column":4},"end":{"line":35,"column":5}},"13":{"start":{"line":28,"column":22},"end":{"line":28,"column":50}},"14":{"start":{"line":30,"column":22},"end":{"line":30,"column":103}},"15":{"start":{"line":32,"column":8},"end":{"line":32,"column":34}},"16":{"start":{"line":34,"column":8},"end":{"line":34,"column":57}},"17":{"start":{"line":38,"column":33},"end":{"line":48,"column":1}},"18":{"start":{"line":39,"column":21},"end":{"line":39,"column":30}},"19":{"start":{"line":41,"column":4},"end":{"line":47,"column":5}},"20":{"start":{"line":42,"column":22},"end":{"line":42,"column":54}},"21":{"start":{"line":44,"column":8},"end":{"line":44,"column":34}},"22":{"start":{"line":46,"column":8},"end":{"line":46,"column":57}},"23":{"start":{"line":50,"column":23},"end":{"line":60,"column":1}},"24":{"start":{"line":51,"column":19},"end":{"line":51,"column":29}},"25":{"start":{"line":53,"column":4},"end":{"line":59,"column":5}},"26":{"start":{"line":54,"column":21},"end":{"line":54,"column":51}},"27":{"start":{"line":56,"column":8},"end":{"line":56,"column":35}},"28":{"start":{"line":58,"column":8},"end":{"line":58,"column":57}},"29":{"start":{"line":62,"column":26},"end":{"line":74,"column":1}},"30":{"start":{"line":63,"column":17},"end":{"line":63,"column":25}},"31":{"start":{"line":65,"column":27},"end":{"line":65,"column":113}},"32":{"start":{"line":67,"column":4},"end":{"line":73,"column":5}},"33":{"start":{"line":68,"column":8},"end":{"line":68,"column":36}},"34":{"start":{"line":70,"column":8},"end":{"line":70,"column":45}},"35":{"start":{"line":72,"column":8},"end":{"line":72,"column":57}},"36":{"start":{"line":76,"column":26},"end":{"line":87,"column":1}},"37":{"start":{"line":77,"column":19},"end":{"line":77,"column":29}},"38":{"start":{"line":78,"column":60},"end":{"line":78,"column":68}},"39":{"start":{"line":80,"column":4},"end":{"line":80,"column":100}},"40":{"start":{"line":80,"column":46},"end":{"line":80,"column":100}},"41":{"start":{"line":82,"column":24},"end":{"line":82,"column":80}},"42":{"start":{"line":84,"column":4},"end":{"line":84,"column":72}},"43":{"start":{"line":86,"column":4},"end":{"line":86,"column":26}},"44":{"start":{"line":89,"column":26},"end":{"line":97,"column":1}},"45":{"start":{"line":90,"column":19},"end":{"line":90,"column":29}},"46":{"start":{"line":92,"column":4},"end":{"line":92,"column":100}},"47":{"start":{"line":92,"column":46},"end":{"line":92,"column":100}},"48":{"start":{"line":94,"column":4},"end":{"line":94,"column":44}},"49":{"start":{"line":96,"column":4},"end":{"line":96,"column":56}},"50":{"start":{"line":99,"column":24},"end":{"line":121,"column":1}},"51":{"start":{"line":100,"column":19},"end":{"line":100,"column":29}},"52":{"start":{"line":102,"column":4},"end":{"line":104,"column":7}},"53":{"start":{"line":103,"column":8},"end":{"line":103,"column":56}},"54":{"start":{"line":106,"column":4},"end":{"line":106,"column":100}},"55":{"start":{"line":106,"column":46},"end":{"line":106,"column":100}},"56":{"start":{"line":108,"column":17},"end":{"line":108,"column":47}},"57":{"start":{"line":110,"column":18},"end":{"line":110,"column":72}},"58":{"start":{"line":110,"column":47},"end":{"line":110,"column":71}},"59":{"start":{"line":112,"column":4},"end":{"line":116,"column":5}},"60":{"start":{"line":113,"column":6},"end":{"line":113,"column":34}},"61":{"start":{"line":115,"column":6},"end":{"line":115,"column":72}},"62":{"start":{"line":115,"column":45},"end":{"line":115,"column":70}},"63":{"start":{"line":118,"column":24},"end":{"line":118,"column":84}},"64":{"start":{"line":120,"column":4},"end":{"line":120,"column":38}},"65":{"start":{"line":123,"column":27},"end":{"line":134,"column":1}},"66":{"start":{"line":124,"column":19},"end":{"line":124,"column":29}},"67":{"start":{"line":125,"column":22},"end":{"line":125,"column":30}},"68":{"start":{"line":127,"column":17},"end":{"line":127,"column":47}},"69":{"start":{"line":129,"column":4},"end":{"line":129,"column":30}},"70":{"start":{"line":131,"column":24},"end":{"line":131,"column":84}},"71":{"start":{"line":133,"column":4},"end":{"line":133,"column":26}}},"fnMap":{"0":{"name":"(anonymous_0)","decl":{"start":{"line":8,"column":24},"end":{"line":8,"column":25}},"loc":{"start":{"line":8,"column":44},"end":{"line":22,"column":1}},"line":8},"1":{"name":"(anonymous_1)","decl":{"start":{"line":24,"column":32},"end":{"line":24,"column":33}},"loc":{"start":{"line":24,"column":52},"end":{"line":36,"column":1}},"line":24},"2":{"name":"(anonymous_2)","decl":{"start":{"line":38,"column":33},"end":{"line":38,"column":34}},"loc":{"start":{"line":38,"column":53},"end":{"line":48,"column":1}},"line":38},"3":{"name":"(anonymous_3)","decl":{"start":{"line":50,"column":23},"end":{"line":50,"column":24}},"loc":{"start":{"line":50,"column":43},"end":{"line":60,"column":1}},"line":50},"4":{"name":"(anonymous_4)","decl":{"start":{"line":62,"column":26},"end":{"line":62,"column":27}},"loc":{"start":{"line":62,"column":46},"end":{"line":74,"column":1}},"line":62},"5":{"name":"(anonymous_5)","decl":{"start":{"line":76,"column":26},"end":{"line":76,"column":27}},"loc":{"start":{"line":76,"column":46},"end":{"line":87,"column":1}},"line":76},"6":{"name":"(anonymous_6)","decl":{"start":{"line":89,"column":26},"end":{"line":89,"column":27}},"loc":{"start":{"line":89,"column":46},"end":{"line":97,"column":1}},"line":89},"7":{"name":"(anonymous_7)","decl":{"start":{"line":99,"column":24},"end":{"line":99,"column":25}},"loc":{"start":{"line":99,"column":44},"end":{"line":121,"column":1}},"line":99},"8":{"name":"(anonymous_8)","decl":{"start":{"line":110,"column":39},"end":{"line":110,"column":40}},"loc":{"start":{"line":110,"column":47},"end":{"line":110,"column":71}},"line":110},"9":{"name":"(anonymous_9)","decl":{"start":{"line":115,"column":37},"end":{"line":115,"column":38}},"loc":{"start":{"line":115,"column":45},"end":{"line":115,"column":70}},"line":115},"10":{"name":"(anonymous_10)","decl":{"start":{"line":123,"column":27},"end":{"line":123,"column":28}},"loc":{"start":{"line":123,"column":47},"end":{"line":134,"column":1}},"line":123}},"branchMap":{"0":{"loc":{"start":{"line":80,"column":4},"end":{"line":80,"column":100}},"type":"if","locations":[{"start":{"line":80,"column":4},"end":{"line":80,"column":100}},{"start":{},"end":{}}],"line":80},"1":{"loc":{"start":{"line":92,"column":4},"end":{"line":92,"column":100}},"type":"if","locations":[{"start":{"line":92,"column":4},"end":{"line":92,"column":100}},{"start":{},"end":{}}],"line":92},"2":{"loc":{"start":{"line":102,"column":4},"end":{"line":104,"column":7}},"type":"if","locations":[{"start":{"line":102,"column":4},"end":{"line":104,"column":7}},{"start":{},"end":{}}],"line":102},"3":{"loc":{"start":{"line":106,"column":4},"end":{"line":106,"column":100}},"type":"if","locations":[{"start":{"line":106,"column":4},"end":{"line":106,"column":100}},{"start":{},"end":{}}],"line":106},"4":{"loc":{"start":{"line":112,"column":4},"end":{"line":116,"column":5}},"type":"if","locations":[{"start":{"line":112,"column":4},"end":{"line":116,"column":5}},{"start":{"line":114,"column":11},"end":{"line":116,"column":5}}],"line":112}},"s":{"0":1,"1":1,"2":0,"3":0,"4":0,"5":0,"6":0,"7":0,"8":0,"9":0,"10":1,"11":0,"12":0,"13":0,"14":0,"15":0,"16":0,"17":1,"18":0,"19":0,"20":0,"21":0,"22":0,"23":1,"24":0,"25":0,"26":0,"27":0,"28":0,"29":1,"30":0,"31":0,"32":0,"33":0,"34":0,"35":0,"36":1,"37":0,"38":0,"39":0,"40":0,"41":0,"42":0,"43":0,"44":1,"45":0,"46":0,"47":0,"48":0,"49":0,"50":1,"51":0,"52":0,"53":0,"54":0,"55":0,"56":0,"57":0,"58":0,"59":0,"60":0,"61":0,"62":0,"63":0,"64":0,"65":1,"66":0,"67":0,"68":0,"69":0,"70":0,"71":0},"f":{"0":0,"1":0,"2":0,"3":0,"4":0,"5":0,"6":0,"7":0,"8":0,"9":0,"10":0},"b":{"0":[0,0],"1":[0,0],"2":[0,0],"3":[0,0],"4":[0,0]},"_coverageSchema":"1a1c01bbd47fc00a2c39e90264f33305004495a9","hash":"e91bf9a100799bb0f042a3764c61a96e538f9a2b"}
,"C:\\Users\\vihan\\OneDrive\\Desktop\\SurgeGlobal\\Web_Application\\SurgeGlobal\\backend\\controllers\\user.js": {"path":"C:\\Users\\vihan\\OneDrive\\Desktop\\SurgeGlobal\\Web_Application\\SurgeGlobal\\backend\\controllers\\user.js","statementMap":{"0":{"start":{"line":6,"column":15},"end":{"line":6,"column":21}},"1":{"start":{"line":8,"column":22},"end":{"line":30,"column":1}},"2":{"start":{"line":9,"column":30},"end":{"line":9,"column":38}},"3":{"start":{"line":11,"column":2},"end":{"line":29,"column":3}},"4":{"start":{"line":12,"column":20},"end":{"line":12,"column":54}},"5":{"start":{"line":14,"column":4},"end":{"line":15,"column":69}},"6":{"start":{"line":15,"column":6},"end":{"line":15,"column":69}},"7":{"start":{"line":17,"column":30},"end":{"line":17,"column":78}},"8":{"start":{"line":19,"column":4},"end":{"line":20,"column":70}},"9":{"start":{"line":20,"column":6},"end":{"line":20,"column":70}},"10":{"start":{"line":22,"column":18},"end":{"line":24,"column":6}},"11":{"start":{"line":26,"column":4},"end":{"line":26,"column":53}},"12":{"start":{"line":28,"column":4},"end":{"line":28,"column":62}},"13":{"start":{"line":32,"column":22},"end":{"line":59,"column":1}},"14":{"start":{"line":33,"column":51},"end":{"line":33,"column":59}},"15":{"start":{"line":35,"column":2},"end":{"line":58,"column":3}},"16":{"start":{"line":36,"column":20},"end":{"line":36,"column":54}},"17":{"start":{"line":38,"column":4},"end":{"line":39,"column":70}},"18":{"start":{"line":39,"column":6},"end":{"line":39,"column":70}},"19":{"start":{"line":41,"column":27},"end":{"line":41,"column":58}},"20":{"start":{"line":43,"column":19},"end":{"line":47,"column":6}},"21":{"start":{"line":49,"column":18},"end":{"line":51,"column":6}},"22":{"start":{"line":53,"column":4},"end":{"line":53,"column":44}},"23":{"start":{"line":55,"column":4},"end":{"line":55,"column":62}},"24":{"start":{"line":57,"column":4},"end":{"line":57,"column":23}}},"fnMap":{"0":{"name":"(anonymous_0)","decl":{"start":{"line":8,"column":22},"end":{"line":8,"column":23}},"loc":{"start":{"line":8,"column":42},"end":{"line":30,"column":1}},"line":8},"1":{"name":"(anonymous_1)","decl":{"start":{"line":32,"column":22},"end":{"line":32,"column":23}},"loc":{"start":{"line":32,"column":42},"end":{"line":59,"column":1}},"line":32}},"branchMap":{"0":{"loc":{"start":{"line":14,"column":4},"end":{"line":15,"column":69}},"type":"if","locations":[{"start":{"line":14,"column":4},"end":{"line":15,"column":69}},{"start":{},"end":{}}],"line":14},"1":{"loc":{"start":{"line":19,"column":4},"end":{"line":20,"column":70}},"type":"if","locations":[{"start":{"line":19,"column":4},"end":{"line":20,"column":70}},{"start":{},"end":{}}],"line":19},"2":{"loc":{"start":{"line":38,"column":4},"end":{"line":39,"column":70}},"type":"if","locations":[{"start":{"line":38,"column":4},"end":{"line":39,"column":70}},{"start":{},"end":{}}],"line":38}},"s":{"0":1,"1":1,"2":0,"3":0,"4":0,"5":0,"6":0,"7":0,"8":0,"9":0,"10":0,"11":0,"12":0,"13":1,"14":0,"15":0,"16":0,"17":0,"18":0,"19":0,"20":0,"21":0,"22":0,"23":0,"24":0},"f":{"0":0,"1":0},"b":{"0":[0,0],"1":[0,0],"2":[0,0]},"_coverageSchema":"1a1c01bbd47fc00a2c39e90264f33305004495a9","hash":"a747f8e5dacb3c14d8cba0209fec9e6e66889c0c"}
,"C:\\Users\\vihan\\OneDrive\\Desktop\\SurgeGlobal\\Web_Application\\SurgeGlobal\\backend\\middleware\\auth.js": {"path":"C:\\Users\\vihan\\OneDrive\\Desktop\\SurgeGlobal\\Web_Application\\SurgeGlobal\\backend\\middleware\\auth.js","statementMap":{"0":{"start":{"line":3,"column":15},"end":{"line":3,"column":21}},"1":{"start":{"line":5,"column":13},"end":{"line":26,"column":1}},"2":{"start":{"line":6,"column":2},"end":{"line":25,"column":3}},"3":{"start":{"line":7,"column":18},"end":{"line":7,"column":57}},"4":{"start":{"line":8,"column":25},"end":{"line":8,"column":43}},"5":{"start":{"line":12,"column":4},"end":{"line":20,"column":5}},"6":{"start":{"line":13,"column":6},"end":{"line":13,"column":46}},"7":{"start":{"line":15,"column":6},"end":{"line":15,"column":35}},"8":{"start":{"line":17,"column":6},"end":{"line":17,"column":38}},"9":{"start":{"line":19,"column":6},"end":{"line":19,"column":36}},"10":{"start":{"line":22,"column":4},"end":{"line":22,"column":11}},"11":{"start":{"line":24,"column":4},"end":{"line":24,"column":23}}},"fnMap":{"0":{"name":"(anonymous_0)","decl":{"start":{"line":5,"column":13},"end":{"line":5,"column":14}},"loc":{"start":{"line":5,"column":39},"end":{"line":26,"column":1}},"line":5}},"branchMap":{"0":{"loc":{"start":{"line":12,"column":4},"end":{"line":20,"column":5}},"type":"if","locations":[{"start":{"line":12,"column":4},"end":{"line":20,"column":5}},{"start":{"line":16,"column":11},"end":{"line":20,"column":5}}],"line":12},"1":{"loc":{"start":{"line":12,"column":8},"end":{"line":12,"column":29}},"type":"binary-expr","locations":[{"start":{"line":12,"column":8},"end":{"line":12,"column":13}},{"start":{"line":12,"column":17},"end":{"line":12,"column":29}}],"line":12}},"s":{"0":1,"1":1,"2":0,"3":0,"4":0,"5":0,"6":0,"7":0,"8":0,"9":0,"10":0,"11":0},"f":{"0":0},"b":{"0":[0,0],"1":[0,0]},"_coverageSchema":"1a1c01bbd47fc00a2c39e90264f33305004495a9","hash":"19bc5cbf19c233bb0ee4f8cac9ad07b12d888988"}
,"C:\\Users\\vihan\\OneDrive\\Desktop\\SurgeGlobal\\Web_Application\\SurgeGlobal\\backend\\models\\postDetails.js": {"path":"C:\\Users\\vihan\\OneDrive\\Desktop\\SurgeGlobal\\Web_Application\\SurgeGlobal\\backend\\models\\postDetails.js","statementMap":{"0":{"start":{"line":3,"column":19},"end":{"line":16,"column":2}},"1":{"start":{"line":18,"column":18},"end":{"line":18,"column":59}}},"fnMap":{},"branchMap":{},"s":{"0":1,"1":1},"f":{},"b":{},"_coverageSchema":"1a1c01bbd47fc00a2c39e90264f33305004495a9","hash":"82a5b6d96e1c58eeae6de798c4c2c5cecf1aa27a"}
,"C:\\Users\\vihan\\OneDrive\\Desktop\\SurgeGlobal\\Web_Application\\SurgeGlobal\\backend\\models\\user.js": {"path":"C:\\Users\\vihan\\OneDrive\\Desktop\\SurgeGlobal\\Web_Application\\SurgeGlobal\\backend\\models\\user.js","statementMap":{"0":{"start":{"line":3,"column":19},"end":{"line":19,"column":2}}},"fnMap":{},"branchMap":{},"s":{"0":1},"f":{},"b":{},"_coverageSchema":"1a1c01bbd47fc00a2c39e90264f33305004495a9","hash":"e3d92c67e58854aab66c352348b2d3a5d414aedb"}
,"C:\\Users\\vihan\\OneDrive\\Desktop\\SurgeGlobal\\Web_Application\\SurgeGlobal\\backend\\routes\\postDetails.js": {"path":"C:\\Users\\vihan\\OneDrive\\Desktop\\SurgeGlobal\\Web_Application\\SurgeGlobal\\backend\\routes\\postDetails.js","statementMap":{"0":{"start":{"line":5,"column":15},"end":{"line":5,"column":31}},"1":{"start":{"line":8,"column":0},"end":{"line":8,"column":42}},"2":{"start":{"line":9,"column":0},"end":{"line":9,"column":40}},"3":{"start":{"line":10,"column":0},"end":{"line":10,"column":26}},"4":{"start":{"line":11,"column":0},"end":{"line":11,"column":28}},"5":{"start":{"line":13,"column":0},"end":{"line":13,"column":36}},"6":{"start":{"line":14,"column":0},"end":{"line":14,"column":39}},"7":{"start":{"line":15,"column":0},"end":{"line":15,"column":40}},"8":{"start":{"line":16,"column":0},"end":{"line":16,"column":46}},"9":{"start":{"line":17,"column":0},"end":{"line":17,"column":45}}},"fnMap":{},"branchMap":{},"s":{"0":1,"1":1,"2":1,"3":1,"4":1,"5":1,"6":1,"7":1,"8":1,"9":1},"f":{},"b":{},"_coverageSchema":"1a1c01bbd47fc00a2c39e90264f33305004495a9","hash":"e21312411c398900f8de3a64cb9170049e518a7c"}
,"C:\\Users\\vihan\\OneDrive\\Desktop\\SurgeGlobal\\Web_Application\\SurgeGlobal\\backend\\routes\\user.js": {"path":"C:\\Users\\vihan\\OneDrive\\Desktop\\SurgeGlobal\\Web_Application\\SurgeGlobal\\backend\\routes\\user.js","statementMap":{"0":{"start":{"line":2,"column":15},"end":{"line":2,"column":31}},"1":{"start":{"line":6,"column":0},"end":{"line":6,"column":31}},"2":{"start":{"line":7,"column":0},"end":{"line":7,"column":31}}},"fnMap":{},"branchMap":{},"s":{"0":1,"1":1,"2":1},"f":{},"b":{},"_coverageSchema":"1a1c01bbd47fc00a2c39e90264f33305004495a9","hash":"bc97ac0a71dbcb5230b9bcf1e4de88a0845d6250"}
}
